TN:
SF:components/organisms/Header.vue
FN:97,(anonymous_1)
FNF:1
FNH:0
FNDA:0,(anonymous_1)
DA:97,0
LF:1
LH:0
BRF:0
BRH:0
end_of_record
TN:
SF:pages/index.vue
FN:33,(anonymous_2)
FNF:1
FNH:0
FNDA:0,(anonymous_2)
DA:26,0
DA:34,0
LF:2
LH:0
BRF:0
BRH:0
end_of_record
TN:
SF:pages/auth/signin.vue
FN:26,(anonymous_2)
FN:34,(anonymous_3)
FNF:2
FNH:0
FNDA:0,(anonymous_2)
FNDA:0,(anonymous_3)
DA:23,0
DA:27,0
DA:35,0
DA:39,0
DA:40,0
LF:5
LH:0
BRF:0
BRH:0
end_of_record
TN:
SF:pages/auth/signup.vue
FN:22,(anonymous_2)
FN:29,(anonymous_3)
FNF:2
FNH:0
FNDA:0,(anonymous_2)
FNDA:0,(anonymous_3)
DA:19,0
DA:23,0
DA:30,0
DA:34,0
DA:35,0
LF:5
LH:0
BRF:0
BRH:0
end_of_record
TN:
SF:pages/dashboard/chart.vue
FN:19,(anonymous_2)
FN:26,(anonymous_3)
FN:30,(anonymous_4)
FNF:3
FNH:0
FNDA:0,(anonymous_2)
FNDA:0,(anonymous_3)
FNDA:0,(anonymous_4)
DA:16,0
DA:20,0
DA:27,0
DA:28,0
DA:31,0
LF:5
LH:0
BRF:0
BRH:0
end_of_record
TN:
SF:pages/dashboard/index.vue
FN:20,(anonymous_2)
FNF:1
FNH:0
FNDA:0,(anonymous_2)
DA:13,0
DA:21,0
LF:2
LH:0
BRF:0
BRH:0
end_of_record
TN:
SF:pages/dashboard/memo.vue
FN:63,(anonymous_1)
FN:86,(anonymous_2)
FN:95,(anonymous_3)
FN:96,(anonymous_4)
FN:99,(anonymous_5)
FN:100,(anonymous_6)
FNF:6
FNH:0
FNDA:0,(anonymous_1)
FNDA:0,(anonymous_2)
FNDA:0,(anonymous_3)
FNDA:0,(anonymous_4)
FNDA:0,(anonymous_5)
FNDA:0,(anonymous_6)
DA:64,0
DA:87,0
DA:92,0
DA:93,0
DA:96,0
DA:97,0
DA:100,0
LF:7
LH:0
BRF:0
BRH:0
end_of_record
